<?xml version="1.0" encoding="UTF-8"?>
<!-- Generated by org.testng.reporters.JUnitXMLReporter -->
<testsuite ignored="0" hostname="LAPTOP-6J9S7FB3" failures="0" tests="2" name="Error Validations Testcases" time="1.492" errors="0" timestamp="25 Apr 2023 16:11:32 GMT">
  <testcase classname="AbstractComponents.BaseTest" name="@BeforeMethod LaunchSimpleShoppingApp" time="1.229">
    <failure type="org.openqa.selenium.SessionNotCreatedException" message="Could not start a new session. Possible causes are invalid address of the remote server or browser start-up failure.">
      <![CDATA[org.openqa.selenium.SessionNotCreatedException: Could not start a new session. Possible causes are invalid address of the remote server or browser start-up failure.
at org.openqa.selenium.remote.RemoteWebDriver.execute(RemoteWebDriver.java:587)
at org.openqa.selenium.remote.RemoteWebDriver.startSession(RemoteWebDriver.java:264)
at org.openqa.selenium.remote.RemoteWebDriver.<init>(RemoteWebDriver.java:179)
at org.openqa.selenium.firefox.FirefoxDriver.<init>(FirefoxDriver.java:110)
at org.openqa.selenium.firefox.FirefoxDriver.<init>(FirefoxDriver.java:98)
at org.openqa.selenium.firefox.FirefoxDriver.<init>(FirefoxDriver.java:94)
at AbstractComponents.BaseTest.initializeDriver(BaseTest.java:52)
at AbstractComponents.BaseTest.LaunchSimpleShoppingApp(BaseTest.java:85)
Caused by: org.openqa.selenium.WebDriverException: Driver server process died prematurely.
Build info: version: '4.3.0', revision: 'a4995e2c09*'
System info: host: 'LAPTOP-6J9S7FB3', ip: '192.168.0.100', os.name: 'Windows 11', os.arch: 'amd64', os.version: '10.0', java.version: '17.0.5'
Driver info: driver.version: FirefoxDriver
at org.openqa.selenium.remote.service.DriverService.start(DriverService.java:226)
at org.openqa.selenium.remote.service.DriverCommandExecutor.execute(DriverCommandExecutor.java:98)
at org.openqa.selenium.remote.RemoteWebDriver.execute(RemoteWebDriver.java:569)
... 35 more
... Removed 28 stack frames]]>
    </failure>
  </testcase> <!-- @BeforeMethod LaunchSimpleShoppingApp -->
  <testcase classname="AbstractComponents.BaseTest" name="@AfterMethod Close" time="0.001">
    <failure type="java.lang.NullPointerException" message="Cannot invoke &amp;quot;org.openqa.selenium.WebDriver.close()&amp;quot; because &amp;quot;this.driver&amp;quot; is null">
      <![CDATA[java.lang.NullPointerException: Cannot invoke "org.openqa.selenium.WebDriver.close()" because "this.driver" is null
at AbstractComponents.BaseTest.Close(BaseTest.java:92)
... Removed 28 stack frames]]>
    </failure>
  </testcase> <!-- @AfterMethod Close -->
  <testcase classname="AbstractComponents.BaseTest" name="@BeforeMethod LaunchSimpleShoppingApp" time="0.089">
    <failure type="org.openqa.selenium.SessionNotCreatedException" message="Could not start a new session. Possible causes are invalid address of the remote server or browser start-up failure.">
      <![CDATA[org.openqa.selenium.SessionNotCreatedException: Could not start a new session. Possible causes are invalid address of the remote server or browser start-up failure.
at org.openqa.selenium.remote.RemoteWebDriver.execute(RemoteWebDriver.java:587)
at org.openqa.selenium.remote.RemoteWebDriver.startSession(RemoteWebDriver.java:264)
at org.openqa.selenium.remote.RemoteWebDriver.<init>(RemoteWebDriver.java:179)
at org.openqa.selenium.firefox.FirefoxDriver.<init>(FirefoxDriver.java:110)
at org.openqa.selenium.firefox.FirefoxDriver.<init>(FirefoxDriver.java:98)
at org.openqa.selenium.firefox.FirefoxDriver.<init>(FirefoxDriver.java:94)
at AbstractComponents.BaseTest.initializeDriver(BaseTest.java:52)
at AbstractComponents.BaseTest.LaunchSimpleShoppingApp(BaseTest.java:85)
Caused by: org.openqa.selenium.WebDriverException: Driver server process died prematurely.
Build info: version: '4.3.0', revision: 'a4995e2c09*'
System info: host: 'LAPTOP-6J9S7FB3', ip: '192.168.0.100', os.name: 'Windows 11', os.arch: 'amd64', os.version: '10.0', java.version: '17.0.5'
Driver info: driver.version: FirefoxDriver
at org.openqa.selenium.remote.service.DriverService.start(DriverService.java:226)
at org.openqa.selenium.remote.service.DriverCommandExecutor.execute(DriverCommandExecutor.java:98)
at org.openqa.selenium.remote.RemoteWebDriver.execute(RemoteWebDriver.java:569)
... 35 more
... Removed 28 stack frames]]>
    </failure>
  </testcase> <!-- @BeforeMethod LaunchSimpleShoppingApp -->
  <testcase classname="AbstractComponents.BaseTest" name="@AfterMethod Close" time="0.001">
    <failure type="java.lang.NullPointerException" message="Cannot invoke &amp;quot;org.openqa.selenium.WebDriver.close()&amp;quot; because &amp;quot;this.driver&amp;quot; is null">
      <![CDATA[java.lang.NullPointerException: Cannot invoke "org.openqa.selenium.WebDriver.close()" because "this.driver" is null
at AbstractComponents.BaseTest.Close(BaseTest.java:92)
... Removed 28 stack frames]]>
    </failure>
  </testcase> <!-- @AfterMethod Close -->
  <testcase classname="SimpleShopping.ShoppingCart.ErrorValidations" name="LoginErrorValidation" time="0.0">
    <skipped/>
  </testcase> <!-- LoginErrorValidation -->
  <testcase classname="SimpleShopping.ShoppingCart.ErrorValidations" name="ProductErrorValidation" time="0.0">
    <skipped/>
  </testcase> <!-- ProductErrorValidation -->
</testsuite> <!-- Error Validations Testcases -->
