<?xml version="1.0" encoding="UTF-8"?>
<!-- Generated by org.testng.reporters.JUnitXMLReporter -->
<testsuite ignored="2" hostname="LAPTOP-6J9S7FB3" failures="0" tests="0" time="0.029" errors="0" timestamp="25 Apr 2023 16:11:30 GMT">
  <testcase classname="SimpleShopping.ShoppingCart.OrderProduct" name="OrderHistory" time="0.0">
    <ignored/>
  </testcase> <!-- OrderHistory -->
  <testcase classname="SimpleShopping.ShoppingCart.OrderProduct" name="submitOrder" time="0.0">
    <ignored/>
  </testcase> <!-- submitOrder -->
</testsuite>
