<?xml version="1.0" encoding="UTF-8"?>
<!-- Generated by org.testng.reporters.JUnitXMLReporter -->
<testsuite hostname="LAPTOP-6J9S7FB3" ignored="0" name="Error Validations Testcases" tests="2" failures="0" timestamp="26 Apr 2023 04:37:35 GMT" time="23.219" errors="0">
  <testcase name="LoginErrorValidation" time="1.082" classname="SimpleShopping.ShoppingCart.ErrorValidations"/>
  <testcase name="ProductErrorValidation" time="4.352" classname="SimpleShopping.ShoppingCart.ErrorValidations"/>
</testsuite> <!-- Error Validations Testcases -->
