<?xml version="1.0" encoding="UTF-8"?>
<!-- Generated by org.testng.reporters.JUnitXMLReporter -->
<testsuite hostname="LAPTOP-6J9S7FB3" ignored="2" tests="0" failures="0" timestamp="26 Apr 2023 04:37:11 GMT" time="0.005" errors="0">
  <testcase name="OrderHistory" time="0.0" classname="SimpleShopping.ShoppingCart.OrderProduct">
    <ignored/>
  </testcase> <!-- OrderHistory -->
  <testcase name="submitOrder" time="0.0" classname="SimpleShopping.ShoppingCart.OrderProduct">
    <ignored/>
  </testcase> <!-- submitOrder -->
</testsuite>
